%!Adobe-FontList 1.19
%Locale:0x410

%BeginFont
Handler:DirectoryHandler
FontType:TrueType
FontName:Antonio-Regular
FamilyName:Antonio
StyleName:Regular
FullName:Antonio Regular
MenuName:Antonio
StyleBits:0
WritingScript:Roman
OutlineFileName:C:\Users\Utente\Desktop\CVDM\2. RAPPORTO ARTISTA\tav1\Document fonts\antonio.regular.ttf
DataFormat:sfntData
hasSVG:no
VariableFontType:NonVariableFont
FileLength:47944
FileModTime:1520602690
WeightClass:400
WidthClass:1
AngleClass:0
NameArray:0,Mac,4,Antonio Regular
NameArray:0,Win,1,Antonio
NameArray:0,Win,16,Antonio
%EndFont

%BeginFont
Handler:DirectoryHandler
FontType:Type1
FontName:Metric-Bold
FamilyName:Metric
StyleName:Bold
FullName:Metric Bold
MenuName:Metric Bold
StyleBits:0
WritingScript:Roman
OutlineFileName:C:\Users\Utente\Desktop\CVDM\2. RAPPORTO ARTISTA\tav1\Document fonts\Metric-Bold.otf
DataFormat:sfntData
UsesStandardEncoding:yes
isCFF:yes
hasSVG:no
VariableFontType:NonVariableFont
FileLength:52484
FileModTime:1520603815
WeightClass:700
WidthClass:5
AngleClass:0
NameArray:0,Mac,4,Metric Bold
NameArray:0,Win,1,Metric Bold
NameArray:0,Win,16,Metric
%EndFont

%BeginFont
Handler:DirectoryHandler
FontType:Type1
FontName:Metric-Medium
FamilyName:Metric
StyleName:Medium
FullName:Metric Medium
MenuName:Metric Medium
StyleBits:0
WritingScript:Roman
OutlineFileName:C:\Users\Utente\Desktop\CVDM\2. RAPPORTO ARTISTA\tav1\Document fonts\Metric-Medium.otf
DataFormat:sfntData
UsesStandardEncoding:yes
isCFF:yes
hasSVG:no
VariableFontType:NonVariableFont
FileLength:47260
FileModTime:1520603868
WeightClass:500
WidthClass:5
AngleClass:0
NameArray:0,Mac,4,Metric Medium
NameArray:0,Win,1,Metric Medium
NameArray:0,Win,16,Metric
%EndFont

%BeginFont
Handler:DirectoryHandler
FontType:Type1
FontName:Metric-Regular
FamilyName:Metric
StyleName:Regular
FullName:Metric
MenuName:Metric Regular
StyleBits:0
WritingScript:Roman
OutlineFileName:C:\Users\Utente\Desktop\CVDM\2. RAPPORTO ARTISTA\tav1\Document fonts\Metric-Regular.otf
DataFormat:sfntData
UsesStandardEncoding:yes
isCFF:yes
hasSVG:no
VariableFontType:NonVariableFont
FileLength:49292
FileModTime:1520603884
WeightClass:400
WidthClass:5
AngleClass:0
NameArray:0,Mac,18,Metric Regular
NameArray:0,Mac,4,Metric
NameArray:0,Win,1,Metric Regular
NameArray:0,Win,16,Metric
%EndFont

