%!Adobe-FontList 1.19
%Locale:0x410

%BeginFont
Handler:DirectoryHandler
FontType:TrueType
FontName:Antonio-Regular
FamilyName:Antonio
StyleName:Regular
FullName:Antonio Regular
MenuName:Antonio
StyleBits:0
WritingScript:Roman
OutlineFileName:C:\Users\Chiara\Desktop\CVDM\2. RAPPORTO ARTISTA\Cartella tav2\Document fonts\antonio.regular.ttf
DataFormat:sfntData
hasSVG:no
VariableFontType:NonVariableFont
FileLength:47944
FileModTime:1521298065
WeightClass:400
WidthClass:1
AngleClass:0
NameArray:0,Mac,4,Antonio Regular
NameArray:0,Win,1,Antonio
NameArray:0,Win,16,Antonio
%EndFont

%BeginFont
Handler:DirectoryHandler
FontType:Type1
FontName:Metric-Bold
FamilyName:Metric
StyleName:Bold
FullName:Metric Bold
MenuName:Metric Bold
StyleBits:0
WritingScript:Roman
OutlineFileName:C:\Users\Chiara\Desktop\CVDM\2. RAPPORTO ARTISTA\Cartella tav2\Document fonts\Metric-Bold.otf
DataFormat:sfntData
UsesStandardEncoding:yes
isCFF:yes
hasSVG:no
VariableFontType:NonVariableFont
FileLength:52484
FileModTime:1521298065
WeightClass:700
WidthClass:5
AngleClass:0
NameArray:0,Mac,4,Metric Bold
NameArray:0,Win,1,Metric Bold
NameArray:0,Win,16,Metric
%EndFont

%BeginFont
Handler:DirectoryHandler
FontType:Type1
FontName:Metric-BoldItalic
FamilyName:Metric
StyleName:Bold Italic
FullName:Metric Bold Italic
MenuName:Metric Bold
StyleBits:1
WritingScript:Roman
OutlineFileName:C:\Users\Chiara\Desktop\CVDM\2. RAPPORTO ARTISTA\Cartella tav2\Document fonts\Metric-BoldItalic.otf
DataFormat:sfntData
UsesStandardEncoding:yes
isCFF:yes
hasSVG:no
VariableFontType:NonVariableFont
FileLength:53264
FileModTime:1521298065
WeightClass:700
WidthClass:5
AngleClass:1
NameArray:0,Mac,4,Metric Bold Italic
NameArray:0,Win,1,Metric Bold
NameArray:0,Win,16,Metric
%EndFont

%BeginFont
Handler:DirectoryHandler
FontType:Type1
FontName:Metric-Regular
FamilyName:Metric
StyleName:Regular
FullName:Metric
MenuName:Metric Regular
StyleBits:0
WritingScript:Roman
OutlineFileName:C:\Users\Chiara\Desktop\CVDM\2. RAPPORTO ARTISTA\Cartella tav2\Document fonts\Metric-Regular.otf
DataFormat:sfntData
UsesStandardEncoding:yes
isCFF:yes
hasSVG:no
VariableFontType:NonVariableFont
FileLength:49292
FileModTime:1521298065
WeightClass:400
WidthClass:5
AngleClass:0
NameArray:0,Mac,18,Metric Regular
NameArray:0,Mac,4,Metric
NameArray:0,Win,1,Metric Regular
NameArray:0,Win,16,Metric
%EndFont

%BeginFont
Handler:DirectoryHandler
FontType:Type1
FontName:Metric-RegularItalic
FamilyName:Metric
StyleName:Regular Italic
FullName:Metric Regular Italic
MenuName:Metric Regular
StyleBits:1
WritingScript:Roman
OutlineFileName:C:\Users\Chiara\Desktop\CVDM\2. RAPPORTO ARTISTA\Cartella tav2\Document fonts\Metric-RegularItalic.otf
DataFormat:sfntData
UsesStandardEncoding:yes
isCFF:yes
hasSVG:no
VariableFontType:NonVariableFont
FileLength:50776
FileModTime:1521298065
WeightClass:400
WidthClass:5
AngleClass:1
NameArray:0,Mac,4,Metric Regular Italic
NameArray:0,Win,1,Metric Regular
NameArray:0,Win,16,Metric
%EndFont

%BeginFont
Handler:DirectoryHandler
FontType:Type1
FontName:MinionPro-Regular
FamilyName:Minion Pro
StyleName:Regular
FullName:Minion Pro
MenuName:Minion Pro
StyleBits:0
WritingScript:Roman
OutlineFileName:C:\Users\Chiara\Desktop\CVDM\2. RAPPORTO ARTISTA\Cartella tav2\Document fonts\MinionPro-Regular.otf
DataFormat:sfntData
UsesStandardEncoding:yes
isCFF:yes
hasSVG:no
VariableFontType:NonVariableFont
FileLength:218640
FileModTime:1521298065
WeightClass:400
WidthClass:5
AngleClass:0
DesignSize:110
NameArray:0,Mac,4,Minion Pro
NameArray:0,Win,1,Minion Pro
%EndFont

