%!Adobe-FontList 1.19
%Locale:0x410

%BeginFont
Handler:DirectoryHandler
FontType:TrueType
FontName:Antonio-Light
FamilyName:Antonio
StyleName:Light
FullName:Antonio Light
MenuName:Antonio
StyleBits:0
WritingScript:Roman
OutlineFileName:C:\Users\Chiara\Desktop\CVDM\2. RAPPORTO ARTISTA\Cartella tavola opere prp ele\Document fonts\antonio.light.ttf
DataFormat:sfntData
hasSVG:no
VariableFontType:NonVariableFont
FileLength:46564
FileModTime:1520881350
WeightClass:300
WidthClass:1
AngleClass:0
NameArray:0,Mac,4,Antonio Light
NameArray:0,Win,1,Antonio
NameArray:0,Win,16,Antonio
%EndFont

%BeginFont
Handler:DirectoryHandler
FontType:TrueType
FontName:Antonio-Regular
FamilyName:Antonio
StyleName:Regular
FullName:Antonio Regular
MenuName:Antonio
StyleBits:0
WritingScript:Roman
OutlineFileName:C:\Users\Chiara\Desktop\CVDM\2. RAPPORTO ARTISTA\Cartella tavola opere prp ele\Document fonts\antonio.regular.ttf
DataFormat:sfntData
hasSVG:no
VariableFontType:NonVariableFont
FileLength:47944
FileModTime:1520881350
WeightClass:400
WidthClass:1
AngleClass:0
NameArray:0,Mac,4,Antonio Regular
NameArray:0,Win,1,Antonio
NameArray:0,Win,16,Antonio
%EndFont

%BeginFont
Handler:DirectoryHandler
FontType:Type1
FontName:MinionPro-Regular
FamilyName:Minion Pro
StyleName:Regular
FullName:Minion Pro
MenuName:Minion Pro
StyleBits:0
WritingScript:Roman
OutlineFileName:C:\Users\Chiara\Desktop\CVDM\2. RAPPORTO ARTISTA\Cartella tavola opere prp ele\Document fonts\MinionPro-Regular.otf
DataFormat:sfntData
UsesStandardEncoding:yes
isCFF:yes
hasSVG:no
VariableFontType:NonVariableFont
FileLength:218640
FileModTime:1520881350
WeightClass:400
WidthClass:5
AngleClass:0
DesignSize:110
NameArray:0,Mac,4,Minion Pro
NameArray:0,Win,1,Minion Pro
%EndFont

