%!Adobe-FontList 1.19
%Locale:0x410

%BeginFont
Handler:DirectoryHandler
FontType:TrueType
FontName:Antonio-Regular
FamilyName:Antonio
StyleName:Regular
FullName:Antonio Regular
MenuName:Antonio
StyleBits:0
WritingScript:Roman
OutlineFileName:C:\Users\Utente\Desktop\CVDM\2. RAPPORTO ARTISTA\Cartella tavola opere - proposta fra\Document fonts\antonio.regular.ttf
DataFormat:sfntData
hasSVG:no
VariableFontType:NonVariableFont
FileLength:47944
FileModTime:1520517926
WeightClass:400
WidthClass:1
AngleClass:0
NameArray:0,Mac,4,Antonio Regular
NameArray:0,Win,1,Antonio
NameArray:0,Win,16,Antonio
%EndFont

%BeginFont
Handler:DirectoryHandler
FontType:Type1
FontName:Metric-BlackItalic
FamilyName:Metric
StyleName:Black Italic
FullName:Metric Black Italic
MenuName:Metric Black
StyleBits:1
WritingScript:Roman
OutlineFileName:C:\Users\Utente\Desktop\CVDM\2. RAPPORTO ARTISTA\Cartella tavola opere - proposta fra\Document fonts\Metric-BlackItalic.otf
DataFormat:sfntData
UsesStandardEncoding:yes
isCFF:yes
hasSVG:no
VariableFontType:NonVariableFont
FileLength:50996
FileModTime:1520603808
WeightClass:900
WidthClass:5
AngleClass:1
NameArray:0,Mac,4,Metric Black Italic
NameArray:0,Win,1,Metric Black
NameArray:0,Win,16,Metric
%EndFont

%BeginFont
Handler:DirectoryHandler
FontType:Type1
FontName:Metric-BoldItalic
FamilyName:Metric
StyleName:Bold Italic
FullName:Metric Bold Italic
MenuName:Metric Bold
StyleBits:1
WritingScript:Roman
OutlineFileName:C:\Users\Utente\Desktop\CVDM\2. RAPPORTO ARTISTA\Cartella tavola opere - proposta fra\Document fonts\Metric-BoldItalic.otf
DataFormat:sfntData
UsesStandardEncoding:yes
isCFF:yes
hasSVG:no
VariableFontType:NonVariableFont
FileLength:53264
FileModTime:1520603821
WeightClass:700
WidthClass:5
AngleClass:1
NameArray:0,Mac,4,Metric Bold Italic
NameArray:0,Win,1,Metric Bold
NameArray:0,Win,16,Metric
%EndFont

%BeginFont
Handler:DirectoryHandler
FontType:Type1
FontName:Metric-LightItalic
FamilyName:Metric
StyleName:Light Italic
FullName:Metric Light Italic
MenuName:Metric Light
StyleBits:1
WritingScript:Roman
OutlineFileName:C:\Users\Utente\Desktop\CVDM\2. RAPPORTO ARTISTA\Cartella tavola opere - proposta fra\Document fonts\Metric-LightItalic.otf
DataFormat:sfntData
UsesStandardEncoding:yes
isCFF:yes
hasSVG:no
VariableFontType:NonVariableFont
FileLength:50844
FileModTime:1520603838
WeightClass:300
WidthClass:5
AngleClass:1
NameArray:0,Mac,4,Metric Light Italic
NameArray:0,Win,1,Metric Light
NameArray:0,Win,16,Metric
%EndFont

%BeginFont
Handler:DirectoryHandler
FontType:Type1
FontName:Metric-Medium
FamilyName:Metric
StyleName:Medium
FullName:Metric Medium
MenuName:Metric Medium
StyleBits:0
WritingScript:Roman
OutlineFileName:C:\Users\Utente\Desktop\CVDM\2. RAPPORTO ARTISTA\Cartella tavola opere - proposta fra\Document fonts\Metric-Medium.otf
DataFormat:sfntData
UsesStandardEncoding:yes
isCFF:yes
hasSVG:no
VariableFontType:NonVariableFont
FileLength:47260
FileModTime:1520603868
WeightClass:500
WidthClass:5
AngleClass:0
NameArray:0,Mac,4,Metric Medium
NameArray:0,Win,1,Metric Medium
NameArray:0,Win,16,Metric
%EndFont

%BeginFont
Handler:DirectoryHandler
FontType:Type1
FontName:Metric-Semibold
FamilyName:Metric
StyleName:Semibold
FullName:Metric Semibold
MenuName:Metric Semibold
StyleBits:0
WritingScript:Roman
OutlineFileName:C:\Users\Utente\Desktop\CVDM\2. RAPPORTO ARTISTA\Cartella tavola opere - proposta fra\Document fonts\Metric-Semibold.otf
DataFormat:sfntData
UsesStandardEncoding:yes
isCFF:yes
hasSVG:no
VariableFontType:NonVariableFont
FileLength:51596
FileModTime:1520603910
WeightClass:600
WidthClass:5
AngleClass:0
NameArray:0,Mac,4,Metric Semibold
NameArray:0,Win,1,Metric Semibold
NameArray:0,Win,16,Metric
%EndFont

%BeginFont
Handler:DirectoryHandler
FontType:Type1
FontName:MinionPro-Regular
FamilyName:Minion Pro
StyleName:Regular
FullName:Minion Pro
MenuName:Minion Pro
StyleBits:0
WritingScript:Roman
OutlineFileName:C:\Users\Utente\Desktop\CVDM\2. RAPPORTO ARTISTA\Cartella tavola opere - proposta fra\Document fonts\MinionPro-Regular.otf
DataFormat:sfntData
UsesStandardEncoding:yes
isCFF:yes
hasSVG:no
VariableFontType:NonVariableFont
FileLength:218640
FileModTime:1510611850
WeightClass:400
WidthClass:5
AngleClass:0
DesignSize:110
NameArray:0,Mac,4,Minion Pro
NameArray:0,Win,1,Minion Pro
%EndFont

