%!Adobe-FontList 1.19
%Locale:0x410

%BeginFont
Handler:DirectoryHandler
FontType:Type1
FontName:Metric-Medium
FamilyName:Metric
StyleName:Medium
FullName:Metric Medium
MenuName:Metric Medium
StyleBits:0
WritingScript:Roman
OutlineFileName:C:\Users\Utente\Desktop\CVDM\1. DEFINIZIONE ARTISTA\Cartella CARTIGLIO\Document fonts\Metric-Medium.otf
DataFormat:sfntData
UsesStandardEncoding:yes
isCFF:yes
hasSVG:no
VariableFontType:NonVariableFont
FileLength:47260
FileModTime:1520603868
WeightClass:500
WidthClass:5
AngleClass:0
NameArray:0,Mac,4,Metric Medium
NameArray:0,Win,1,Metric Medium
NameArray:0,Win,16,Metric
%EndFont

%BeginFont
Handler:DirectoryHandler
FontType:Type1
FontName:Metric-Regular
FamilyName:Metric
StyleName:Regular
FullName:Metric
MenuName:Metric Regular
StyleBits:0
WritingScript:Roman
OutlineFileName:C:\Users\Utente\Desktop\CVDM\1. DEFINIZIONE ARTISTA\Cartella CARTIGLIO\Document fonts\Metric-Regular.otf
DataFormat:sfntData
UsesStandardEncoding:yes
isCFF:yes
hasSVG:no
VariableFontType:NonVariableFont
FileLength:49292
FileModTime:1520603884
WeightClass:400
WidthClass:5
AngleClass:0
NameArray:0,Mac,18,Metric Regular
NameArray:0,Mac,4,Metric
NameArray:0,Win,1,Metric Regular
NameArray:0,Win,16,Metric
%EndFont

